# JRE version: OpenJDK Runtime Environment Temurin-17.0.10+7 (17.0.10+7) (build 17.0.10+7)
# Java VM: OpenJDK 64-Bit Server VM Temurin-17.0.10+7 (17.0.10+7, mixed mode, emulated-client, tiered, compressed oops, compressed class ptrs, g1 gc, windows-amd64)
GC Precious Log:
 CPUs: 4 total, 4 available
 Memory: 5940M
 Large Page Support: Disabled
 NUMA Support: Disabled
 Compressed Oops: Enabled (32-bit)
 Heap Region Size: 1M
 Heap Min Capacity: 8M
 Heap Initial Capacity: 94M
 Heap Max Capacity: 1G
 Pre-touch: Disabled
 Parallel Workers: 4
 Concurrent Workers: 1
 Concurrent Refinement Workers: 4
 Periodic GC: Disabled
Heap:
 garbage-first heap   total 71680K, used 34332K [0x00000000c0000000, 0x0000000100000000)
  region size 1024K, 1 young (1024K), 0 survivors (0K)
 Metaspace       used 57975K, committed 58432K, reserved 1114112K
  class space    used 7214K, committed 7424K, reserved 1048576K
GC Heap History (20 events):
Event: 644.048 GC heap before
{Heap before GC invocations=53 (full 34):
 garbage-first heap   total 71680K, used 34334K [0x00000000c0000000, 0x0000000100000000)
  region size 1024K, 1 young (1024K), 0 survivors (0K)
 Metaspace       used 57975K, committed 58432K, reserved 1114112K
  class space    used 7214K, committed 7424K, reserved 1048576K
}
Event: 644.110 GC heap after
{Heap after GC invocations=54 (full 35):
 garbage-first heap   total 71680K, used 34332K [0x00000000c0000000, 0x0000000100000000)
  region size 1024K, 0 young (0K), 0 survivors (0K)
 Metaspace       used 57975K, committed 58432K, reserved 1114112K
  class space    used 7214K, committed 7424K, reserved 1048576K
}
Event: 654.690 GC heap before
{Heap before GC invocations=54 (full 35):
 garbage-first heap   total 71680K, used 34332K [0x00000000c0000000, 0x0000000100000000)
  region size 1024K, 1 young (1024K), 0 survivors (0K)
 Metaspace       used 57975K, committed 58432K, reserved 1114112K
  class space    used 7214K, committed 7424K, reserved 1048576K
}
Event: 654.758 GC heap after
{Heap after GC invocations=55 (full 36):
 garbage-first heap   total 71680K, used 34332K [0x00000000c0000000, 0x0000000100000000)
  region size 1024K, 0 young (0K), 0 survivors (0K)
 Metaspace       used 57975K, committed 58432K, reserved 1114112K
  class space    used 7214K, committed 7424K, reserved 1048576K
}
Event: 665.278 GC heap before
{Heap before GC invocations=55 (full 36):
 garbage-first heap   total 71680K, used 34332K [0x00000000c0000000, 0x0000000100000000)
  region size 1024K, 1 young (1024K), 0 survivors (0K)
 Metaspace       used 57975K, committed 58432K, reserved 1114112K
  class space    used 7214K, committed 7424K, reserved 1048576K
}
Event: 665.340 GC heap after
{Heap after GC invocations=56 (full 37):
 garbage-first heap   total 71680K, used 34332K [0x00000000c0000000, 0x0000000100000000)
  region size 1024K, 0 young (0K), 0 survivors (0K)
 Metaspace       used 57975K, committed 58432K, reserved 1114112K
  class space    used 7214K, committed 7424K, reserved 1048576K
}
Event: 675.863 GC heap before
{Heap before GC invocations=56 (full 37):
 garbage-first heap   total 71680K, used 34332K [0x00000000c0000000, 0x0000000100000000)
  region size 1024K, 1 young (1024K), 0 survivors (0K)
 Metaspace       used 57975K, committed 58432K, reserved 1114112K
  class space    used 7214K, committed 7424K, reserved 1048576K
}
Event: 675.927 GC heap after
{Heap after GC invocations=57 (full 38):
 garbage-first heap   total 71680K, used 34332K [0x00000000c0000000, 0x0000000100000000)
  region size 1024K, 0 young (0K), 0 survivors (0K)
 Metaspace       used 57975K, committed 58432K, reserved 1114112K
  class space    used 7214K, committed 7424K, reserved 1048576K
}
Event: 686.532 GC heap before
{Heap before GC invocations=57 (full 38):
 garbage-first heap   total 71680K, used 34332K [0x00000000c0000000, 0x0000000100000000)
  region size 1024K, 1 young (1024K), 0 survivors (0K)
 Metaspace       used 57975K, committed 58432K, reserved 1114112K
  class space    used 7214K, committed 7424K, reserved 1048576K
}
Event: 686.602 GC heap after
{Heap after GC invocations=58 (full 39):
 garbage-first heap   total 71680K, used 34332K [0x00000000c0000000, 0x0000000100000000)
  region size 1024K, 0 young (0K), 0 survivors (0K)
 Metaspace       used 57975K, committed 58432K, reserved 1114112K
  class space    used 7214K, committed 7424K, reserved 1048576K
}
Event: 697.069 GC heap before
{Heap before GC invocations=58 (full 39):
 garbage-first heap   total 71680K, used 34332K [0x00000000c0000000, 0x0000000100000000)
  region size 1024K, 1 young (1024K), 0 survivors (0K)
 Metaspace       used 57975K, committed 58432K, reserved 1114112K
  class space    used 7214K, committed 7424K, reserved 1048576K
}
Event: 697.142 GC heap after
{Heap after GC invocations=59 (full 40):
 garbage-first heap   total 71680K, used 34332K [0x00000000c0000000, 0x0000000100000000)
  region size 1024K, 0 young (0K), 0 survivors (0K)
 Metaspace       used 57975K, committed 58432K, reserved 1114112K
  class space    used 7214K, committed 7424K, reserved 1048576K
}
Event: 707.484 GC heap before
{Heap before GC invocations=59 (full 40):
 garbage-first heap   total 71680K, used 34332K [0x00000000c0000000, 0x0000000100000000)
  region size 1024K, 1 young (1024K), 0 survivors (0K)
 Metaspace       used 57975K, committed 58432K, reserved 1114112K
  class space    used 7214K, committed 7424K, reserved 1048576K
}
Event: 707.535 GC heap after
{Heap after GC invocations=60 (full 41):
 garbage-first heap   total 71680K, used 34332K [0x00000000c0000000, 0x0000000100000000)
  region size 1024K, 0 young (0K), 0 survivors (0K)
 Metaspace       used 57975K, committed 58432K, reserved 1114112K
  class space    used 7214K, committed 7424K, reserved 1048576K
}
Event: 719.416 GC heap before
{Heap before GC invocations=60 (full 41):
 garbage-first heap   total 71680K, used 34332K [0x00000000c0000000, 0x0000000100000000)
  region size 1024K, 1 young (1024K), 0 survivors (0K)
 Metaspace       used 57975K, committed 58432K, reserved 1114112K
  class space    used 7214K, committed 7424K, reserved 1048576K
}
Event: 719.485 GC heap after
{Heap after GC invocations=61 (full 42):
 garbage-first heap   total 71680K, used 34332K [0x00000000c0000000, 0x0000000100000000)
  region size 1024K, 0 young (0K), 0 survivors (0K)
 Metaspace       used 57975K, committed 58432K, reserved 1114112K
  class space    used 7214K, committed 7424K, reserved 1048576K
}
Event: 729.870 GC heap before
{Heap before GC invocations=61 (full 42):
 garbage-first heap   total 71680K, used 34332K [0x00000000c0000000, 0x0000000100000000)
  region size 1024K, 1 young (1024K), 0 survivors (0K)
 Metaspace       used 57975K, committed 58432K, reserved 1114112K
  class space    used 7214K, committed 7424K, reserved 1048576K
}
Event: 729.929 GC heap after
{Heap after GC invocations=62 (full 43):
 garbage-first heap   total 71680K, used 34332K [0x00000000c0000000, 0x0000000100000000)
  region size 1024K, 0 young (0K), 0 survivors (0K)
 Metaspace       used 57975K, committed 58432K, reserved 1114112K
  class space    used 7214K, committed 7424K, reserved 1048576K
}
Event: 740.490 GC heap before
{Heap before GC invocations=62 (full 43):
 garbage-first heap   total 71680K, used 34332K [0x00000000c0000000, 0x0000000100000000)
  region size 1024K, 1 young (1024K), 0 survivors (0K)
 Metaspace       used 57975K, committed 58432K, reserved 1114112K
  class space    used 7214K, committed 7424K, reserved 1048576K
}
Event: 740.561 GC heap after
{Heap after GC invocations=63 (full 44):
 garbage-first heap   total 71680K, used 34332K [0x00000000c0000000, 0x0000000100000000)
  region size 1024K, 0 young (0K), 0 survivors (0K)
 Metaspace       used 57975K, committed 58432K, reserved 1114112K
  class space    used 7214K, committed 7424K, reserved 1048576K
}

