# JRE version: OpenJDK Runtime Environment Temurin-17.0.10+7 (17.0.10+7) (build 17.0.10+7)
# Java VM: OpenJDK 64-Bit Server VM Temurin-17.0.10+7 (17.0.10+7, mixed mode, emulated-client, tiered, compressed oops, compressed class ptrs, g1 gc, windows-amd64)
GC Precious Log:
 CPUs: 4 total, 4 available
 Memory: 5940M
 Large Page Support: Disabled
 NUMA Support: Disabled
 Compressed Oops: Enabled (32-bit)
 Heap Region Size: 1M
 Heap Min Capacity: 8M
 Heap Initial Capacity: 94M
 Heap Max Capacity: 1G
 Pre-touch: Disabled
 Parallel Workers: 4
 Concurrent Workers: 1
 Concurrent Refinement Workers: 4
 Periodic GC: Disabled
Heap:
 garbage-first heap   total 71680K, used 23886K [0x00000000c0000000, 0x0000000100000000)
  region size 1024K, 1 young (1024K), 0 survivors (0K)
 Metaspace       used 37754K, committed 38336K, reserved 1114112K
  class space    used 4913K, committed 5184K, reserved 1048576K
GC Heap History (20 events):
Event: 7350.708 GC heap before
{Heap before GC invocations=707 (full 696):
 garbage-first heap   total 71680K, used 23886K [0x00000000c0000000, 0x0000000100000000)
  region size 1024K, 1 young (1024K), 0 survivors (0K)
 Metaspace       used 37754K, committed 38336K, reserved 1114112K
  class space    used 4913K, committed 5184K, reserved 1048576K
}
Event: 7350.749 GC heap after
{Heap after GC invocations=708 (full 697):
 garbage-first heap   total 71680K, used 23886K [0x00000000c0000000, 0x0000000100000000)
  region size 1024K, 0 young (0K), 0 survivors (0K)
 Metaspace       used 37754K, committed 38336K, reserved 1114112K
  class space    used 4913K, committed 5184K, reserved 1048576K
}
Event: 7361.165 GC heap before
{Heap before GC invocations=708 (full 697):
 garbage-first heap   total 71680K, used 23886K [0x00000000c0000000, 0x0000000100000000)
  region size 1024K, 1 young (1024K), 0 survivors (0K)
 Metaspace       used 37754K, committed 38336K, reserved 1114112K
  class space    used 4913K, committed 5184K, reserved 1048576K
}
Event: 7361.210 GC heap after
{Heap after GC invocations=709 (full 698):
 garbage-first heap   total 71680K, used 23886K [0x00000000c0000000, 0x0000000100000000)
  region size 1024K, 0 young (0K), 0 survivors (0K)
 Metaspace       used 37754K, committed 38336K, reserved 1114112K
  class space    used 4913K, committed 5184K, reserved 1048576K
}
Event: 7371.588 GC heap before
{Heap before GC invocations=709 (full 698):
 garbage-first heap   total 71680K, used 23886K [0x00000000c0000000, 0x0000000100000000)
  region size 1024K, 1 young (1024K), 0 survivors (0K)
 Metaspace       used 37754K, committed 38336K, reserved 1114112K
  class space    used 4913K, committed 5184K, reserved 1048576K
}
Event: 7371.630 GC heap after
{Heap after GC invocations=710 (full 699):
 garbage-first heap   total 71680K, used 23886K [0x00000000c0000000, 0x0000000100000000)
  region size 1024K, 0 young (0K), 0 survivors (0K)
 Metaspace       used 37754K, committed 38336K, reserved 1114112K
  class space    used 4913K, committed 5184K, reserved 1048576K
}
Event: 7381.988 GC heap before
{Heap before GC invocations=710 (full 699):
 garbage-first heap   total 71680K, used 23886K [0x00000000c0000000, 0x0000000100000000)
  region size 1024K, 1 young (1024K), 0 survivors (0K)
 Metaspace       used 37754K, committed 38336K, reserved 1114112K
  class space    used 4913K, committed 5184K, reserved 1048576K
}
Event: 7382.029 GC heap after
{Heap after GC invocations=711 (full 700):
 garbage-first heap   total 71680K, used 23886K [0x00000000c0000000, 0x0000000100000000)
  region size 1024K, 0 young (0K), 0 survivors (0K)
 Metaspace       used 37754K, committed 38336K, reserved 1114112K
  class space    used 4913K, committed 5184K, reserved 1048576K
}
Event: 7392.439 GC heap before
{Heap before GC invocations=711 (full 700):
 garbage-first heap   total 71680K, used 23886K [0x00000000c0000000, 0x0000000100000000)
  region size 1024K, 1 young (1024K), 0 survivors (0K)
 Metaspace       used 37754K, committed 38336K, reserved 1114112K
  class space    used 4913K, committed 5184K, reserved 1048576K
}
Event: 7392.480 GC heap after
{Heap after GC invocations=712 (full 701):
 garbage-first heap   total 71680K, used 23886K [0x00000000c0000000, 0x0000000100000000)
  region size 1024K, 0 young (0K), 0 survivors (0K)
 Metaspace       used 37754K, committed 38336K, reserved 1114112K
  class space    used 4913K, committed 5184K, reserved 1048576K
}
Event: 7402.830 GC heap before
{Heap before GC invocations=712 (full 701):
 garbage-first heap   total 71680K, used 23886K [0x00000000c0000000, 0x0000000100000000)
  region size 1024K, 1 young (1024K), 0 survivors (0K)
 Metaspace       used 37754K, committed 38336K, reserved 1114112K
  class space    used 4913K, committed 5184K, reserved 1048576K
}
Event: 7402.870 GC heap after
{Heap after GC invocations=713 (full 702):
 garbage-first heap   total 71680K, used 23886K [0x00000000c0000000, 0x0000000100000000)
  region size 1024K, 0 young (0K), 0 survivors (0K)
 Metaspace       used 37754K, committed 38336K, reserved 1114112K
  class space    used 4913K, committed 5184K, reserved 1048576K
}
Event: 7413.263 GC heap before
{Heap before GC invocations=713 (full 702):
 garbage-first heap   total 71680K, used 23886K [0x00000000c0000000, 0x0000000100000000)
  region size 1024K, 1 young (1024K), 0 survivors (0K)
 Metaspace       used 37754K, committed 38336K, reserved 1114112K
  class space    used 4913K, committed 5184K, reserved 1048576K
}
Event: 7413.309 GC heap after
{Heap after GC invocations=714 (full 703):
 garbage-first heap   total 71680K, used 23886K [0x00000000c0000000, 0x0000000100000000)
  region size 1024K, 0 young (0K), 0 survivors (0K)
 Metaspace       used 37754K, committed 38336K, reserved 1114112K
  class space    used 4913K, committed 5184K, reserved 1048576K
}
Event: 7423.942 GC heap before
{Heap before GC invocations=714 (full 703):
 garbage-first heap   total 71680K, used 23886K [0x00000000c0000000, 0x0000000100000000)
  region size 1024K, 1 young (1024K), 0 survivors (0K)
 Metaspace       used 37754K, committed 38336K, reserved 1114112K
  class space    used 4913K, committed 5184K, reserved 1048576K
}
Event: 7423.986 GC heap after
{Heap after GC invocations=715 (full 704):
 garbage-first heap   total 71680K, used 23886K [0x00000000c0000000, 0x0000000100000000)
  region size 1024K, 0 young (0K), 0 survivors (0K)
 Metaspace       used 37754K, committed 38336K, reserved 1114112K
  class space    used 4913K, committed 5184K, reserved 1048576K
}
Event: 7434.409 GC heap before
{Heap before GC invocations=715 (full 704):
 garbage-first heap   total 71680K, used 23886K [0x00000000c0000000, 0x0000000100000000)
  region size 1024K, 1 young (1024K), 0 survivors (0K)
 Metaspace       used 37754K, committed 38336K, reserved 1114112K
  class space    used 4913K, committed 5184K, reserved 1048576K
}
Event: 7434.452 GC heap after
{Heap after GC invocations=716 (full 705):
 garbage-first heap   total 71680K, used 23886K [0x00000000c0000000, 0x0000000100000000)
  region size 1024K, 0 young (0K), 0 survivors (0K)
 Metaspace       used 37754K, committed 38336K, reserved 1114112K
  class space    used 4913K, committed 5184K, reserved 1048576K
}
Event: 7444.835 GC heap before
{Heap before GC invocations=716 (full 705):
 garbage-first heap   total 71680K, used 23886K [0x00000000c0000000, 0x0000000100000000)
  region size 1024K, 1 young (1024K), 0 survivors (0K)
 Metaspace       used 37754K, committed 38336K, reserved 1114112K
  class space    used 4913K, committed 5184K, reserved 1048576K
}
Event: 7444.875 GC heap after
{Heap after GC invocations=717 (full 706):
 garbage-first heap   total 71680K, used 23886K [0x00000000c0000000, 0x0000000100000000)
  region size 1024K, 0 young (0K), 0 survivors (0K)
 Metaspace       used 37754K, committed 38336K, reserved 1114112K
  class space    used 4913K, committed 5184K, reserved 1048576K
}

